
	#####################################################	

			FAST-GA - Alpha

	Population: 35	Generation: 10	Elit-Set: 10
	Iterations: 400	Tournament: 2
	Acceptance(ES): 3	Alpha(%LS): 0.15
	Tasks: 15	Files:25	Machines: 5

	#####################################################	

#!# 118
Tasks:
1: t13 t3 t6 t11 
2: t8 t12 t9 
3: t0 t1 t5 
4: t7 t2 t14 
5: t4 t10 
Files:
1: d7 d8 d11 d16 d12 d17 d22 
2: d6 d14 d19 d18 d20 
3: d2 d3 d5 
4: d10 d13 d23 d24 
5: d21 d9 d4 d15 
Start time:
t0 : 11
t7 : 28
t13 : 1
t8 : 28
t4 : 42
t3 : 42
t2 : 56
t1 : 18
t12 : 39
t10 : 58
t9 : 68
t5 : 65
t6 : 88
t11 : 105
t14 : 96
