
	#####################################################	

			FAST-GA - Alpha

	Population: 35	Generation: 10	Elit-Set: 10
	Iterations: 400	Tournament: 2
	Acceptance(ES): 3	Alpha(%LS): 0.15
	Tasks: 12	Files:18	Machines: 5

	#####################################################	

#!# 92
Tasks:
1: t0 t1 t2 t5 
2: t8 t10 t11 
3: t4 t9 
4: t7 
5: t3 t6 
Files:
1: d2 d3 d4 d5 d6 
2: d12 d11 d15 d16 d17 
3: d10 d13 
4: d9 d14 
5: d8 d7 
Start time:
t0 : 6
t1 : 14
t8 : 24
t7 : 24
t2 : 33
t3 : 24
t4 : 24
t10 : 59
t5 : 34
t9 : 59
t6 : 65
t11 : 83
